<?xml version="1.0" encoding="UTF-8"?>
<!-- Generated by org.testng.reporters.JUnitReportReporter -->
<testsuite hostname="RahulG-LAP" failures="0" tests="2" name="TestNGBasics.dependencyMethods" time="0.002" errors="0" timestamp="2023-09-14T13:53:33 IST" skipped="0">
  <testcase classname="TestNGBasics.dependencyMethods" name="loginTest" time="0.001"/>
  <testcase classname="TestNGBasics.dependencyMethods" name="homePageTest" time="0.001"/>
</testsuite> <!-- TestNGBasics.dependencyMethods -->
