<?xml version="1.0" encoding="UTF-8"?>
<!-- Generated by org.testng.reporters.JUnitReportReporter -->
<testsuite hostname="RahulG-LAP" failures="0" tests="3" name="TestNGBasics.GoogleTest" time="16.668" errors="0" timestamp="2023-09-14T13:53:33 IST" skipped="0">
  <testcase classname="TestNGBasics.GoogleTest" name="getTittle" time="4.473"/>
  <testcase classname="TestNGBasics.GoogleTest" name="logo" time="7.702"/>
  <testcase classname="TestNGBasics.GoogleTest" name="url" time="4.493"/>
</testsuite> <!-- TestNGBasics.GoogleTest -->
