<?xml version="1.0" encoding="UTF-8"?>
<!-- Generated by org.testng.reporters.JUnitReportReporter -->
<testsuite hostname="RahulG-LAP" failures="0" tests="1" name="demo.demo" time="0.001" errors="0" timestamp="2023-09-14T13:53:33 IST" skipped="0">
  <testcase classname="demo.demo" name="print" time="0.001"/>
</testsuite> <!-- demo.demo -->
