<?xml version="1.0" encoding="UTF-8"?>
<!-- Generated by org.testng.reporters.JUnitReportReporter -->
<testsuite hostname="RahulG-LAP" failures="0" tests="3" name="TestNGBasics.TestNg_1" time="0.004" errors="0" timestamp="2023-09-14T13:53:33 IST" skipped="0">
  <testcase classname="TestNGBasics.TestNg_1" name="aa" time="0.001"/>
  <testcase classname="TestNGBasics.TestNg_1" name="google" time="0.001"/>
  <testcase classname="TestNGBasics.TestNg_1" name="searchText" time="0.002"/>
</testsuite> <!-- TestNGBasics.TestNg_1 -->
