<?xml version="1.0" encoding="UTF-8"?>
<!-- Generated by org.testng.reporters.JUnitReportReporter -->
<testsuite hostname="RahulG-LAP" failures="0" tests="1" name="Grid.LogInTestUsingChrome" time="8.624" errors="0" timestamp="2023-09-28T11:47:53 IST" skipped="0">
  <testcase classname="Grid.LogInTestUsingChrome" name="test" time="8.624"/>
</testsuite> <!-- Grid.LogInTestUsingChrome -->
