<?xml version="1.0" encoding="UTF-8"?>
<!-- Generated by org.testng.reporters.JUnitReportReporter -->
<testsuite hostname="RahulG-LAP" failures="0" tests="2" name="TestNGBasics.invocationCountTest" time="9.905" errors="0" timestamp="2023-09-14T13:53:33 IST" skipped="0">
  <testcase classname="TestNGBasics.invocationCountTest" name="getTittle" time="5.222"/>
  <testcase classname="TestNGBasics.invocationCountTest" name="getTittle" time="4.683"/>
</testsuite> <!-- TestNGBasics.invocationCountTest -->
